 PEGS5-call comes next


 inseed=           1      (seed for generating unique sequences of Ranlux)
 ranlux luxury level set by rluxgo : 1     p=  48
 ranlux initialized by rluxgo from seed           1

 Start tutor8
 Call hatch to get cross-section data

 HATCH-call comes next

 E- IMPACT IONIZATION OPTION REQUESTED FOR MEDIUM NUMBER  1

 RAYLEIGH DATA AVAILABLE FOR MEDIUM  1 BUT OPTION NOT REQUESTED.

 INCOHERENT DATA AVAILABLE FOR MEDIUM  1 BUT OPTION NOT REQUESTED.

 SHELL COMPTON PROFILE DATA AVAILABLE FOR MEDIUM  1 BUT OPTION NOT REQUESTED.

 EGS SUCCESSFULLY 'HATCHED' FOR ONE MEDIUM.

 Knock-on electrons can be created and any electron followed down to
                                          0.010 MeV kinetic energy
 Brem photons can be created and any photon followed down to
                                          0.001 MeV

 Reflected photon spectrum
 for a    0.61 MeV pencil beam of electrons on a   1.00 cm thick slab of lead
 with fluorescence photon

     Energy  counts/incident electron
                          log(counts for 10^6 incident electrons)
    0.0020    0.000118          *                                     
    0.0040    0.000230             *                                  
    0.0060    0.000279             *                                  
    0.0080    0.000451               *                                
    0.0100    0.000545                *                               
    0.0120    0.000797                  *                             
    0.0140    0.000710                 *                              
    0.0160    0.000371               *                                
    0.0180    0.000284             *                                  
    0.0200    0.000307              *                                 
    0.0220    0.000298              *                                 
    0.0240    0.000294              *                                 
    0.0260    0.000269             *                                  
    0.0280    0.000256             *                                  
    0.0300    0.000235             *                                  
    0.0320    0.000240             *                                  
    0.0340    0.000212            *                                   
    0.0360    0.000202            *                                   
    0.0380    0.000192            *                                   
    0.0400    0.000189            *                                   
    0.0420    0.000167           *                                    
    0.0440    0.000153           *                                    
    0.0460    0.000146           *                                    
    0.0480    0.000135          *                                     
    0.0500    0.000123          *                                     
    0.0520    0.000107         *                                      
    0.0540    0.000113          *                                     
    0.0560    0.000102         *                                      
    0.0580    0.000090         *                                      
    0.0600    0.000083        *                                       
    0.0620    0.000073        *                                       
    0.0640    0.000073        *                                       
    0.0660    0.000067       *                                        
    0.0680    0.000062       *                                        
    0.0700    0.000050      *                                         
    0.0720    0.000050      *                                         
    0.0740    0.000063       *                                        
    0.0760    0.000055       *                                        
    0.0780    0.000033    *                                           
    0.0800    0.000033    *                                           
    0.0820    0.000027    *                                           
    0.0840    0.000024   *                                            
    0.0860    0.000025   *                                            
    0.0880    0.000020  *                                             
    0.0900    0.000011*                                               
    0.0920    0.000008*                                               
    0.0940    0.000009*                                               
    0.0960    0.000004*                                               
    0.0980    0.000003*                                               
    0.1000    0.000002*                                               
 impacr(2)= 1 ieispl= 1 neispl= 20
 ibrspl= 1 nbrspl= 30 ibrdst= 1
